{
  "stats": {
    "suites": 1,
    "tests": 5,
    "passes": 0,
    "pending": 0,
    "failures": 5,
    "start": "2022-07-18T13:02:07.508Z",
    "end": "2022-07-18T13:03:03.630Z",
    "duration": 56122,
    "testsRegistered": 5,
    "passPercent": 0,
    "pendingPercent": 0,
    "other": 0,
    "hasOther": false,
    "skipped": 0,
    "hasSkipped": false
  },
  "results": [
    {
      "uuid": "36faad4a-e0aa-4d97-83a6-19cb5fa11f8c",
      "title": "",
      "fullFile": "cypress\\e2e\\spec.cy.js",
      "file": "cypress\\e2e\\spec.cy.js",
      "beforeHooks": [],
      "afterHooks": [],
      "tests": [],
      "suites": [
        {
          "uuid": "20df9545-5bd1-4734-b3e6-cf5628f38b90",
          "title": "Test for telnyx",
          "fullFile": "",
          "file": "",
          "beforeHooks": [],
          "afterHooks": [],
          "tests": [
            {
              "title": "Checking that the tooltip is visible to the user when trying to leave the field blank.",
              "fullTitle": "Test for telnyx Checking that the tooltip is visible to the user when trying to leave the field blank.",
              "timedOut": null,
              "duration": 10666,
              "state": "failed",
              "speed": null,
              "pass": false,
              "fail": true,
              "pending": false,
              "context": null,
              "code": "mainPage.tryForFreeBtn().click();\ncy.wait(2000);\nsignUpPage.createAccBtn().click();\nsignUpPage.hintIsVisible().should('be.visible');\ncy.contains('This field is required.');",
              "err": {
                "message": "CypressError: Timed out retrying after 4050ms: `cy.click()` failed because this element:\n\n`<button type=\"submit\" class=\"sc-5d3a275a-1 sc-5d3a275a-3 sc-5d3a275a-4 sc-5d3a275a-12 cSsJix UYAGn eUnEoi bTZeHd\">...</button>`\n\nis being covered by another element:\n\n`<div class=\"sc-df34c536-3 dkdqrP\">...</div>`\n\nFix this problem, or use {force: true} to disable error checking.\n\nhttps://on.cypress.io/element-cannot-be-interacted-with",
                "estack": "CypressError: Timed out retrying after 4050ms: `cy.click()` failed because this element:\n\n`<button type=\"submit\" class=\"sc-5d3a275a-1 sc-5d3a275a-3 sc-5d3a275a-4 sc-5d3a275a-12 cSsJix UYAGn eUnEoi bTZeHd\">...</button>`\n\nis being covered by another element:\n\n`<div class=\"sc-df34c536-3 dkdqrP\">...</div>`\n\nFix this problem, or use {force: true} to disable error checking.\n\nhttps://on.cypress.io/element-cannot-be-interacted-with\n    at $Cy.ensureDescendents (https://telnyx.com/__cypress/runner/cypress_runner.js:162005:78)\n    at ensureDescendents (https://telnyx.com/__cypress/runner/cypress_runner.js:147397:8)\n    at ensureDescendentsAndScroll (https://telnyx.com/__cypress/runner/cypress_runner.js:147404:14)\n    at ensureElIsNotCovered (https://telnyx.com/__cypress/runner/cypress_runner.js:147536:5)\n    at runAllChecks (https://telnyx.com/__cypress/runner/cypress_runner.js:147726:52)\n    at retryActionability (https://telnyx.com/__cypress/runner/cypress_runner.js:147750:16)\n    at tryCatcher (https://telnyx.com/__cypress/runner/cypress_runner.js:13012:23)\n    at Function.Promise.attempt.Promise.try (https://telnyx.com/__cypress/runner/cypress_runner.js:10286:29)\n    at whenStable (https://telnyx.com/__cypress/runner/cypress_runner.js:166931:65)\n    at https://telnyx.com/__cypress/runner/cypress_runner.js:166385:14\n    at tryCatcher (https://telnyx.com/__cypress/runner/cypress_runner.js:13012:23)\n    at Promise._settlePromiseFromHandler (https://telnyx.com/__cypress/runner/cypress_runner.js:10947:31)\n    at Promise._settlePromise (https://telnyx.com/__cypress/runner/cypress_runner.js:11004:18)\n    at Promise._settlePromise0 (https://telnyx.com/__cypress/runner/cypress_runner.js:11049:10)\n    at Promise._settlePromises (https://telnyx.com/__cypress/runner/cypress_runner.js:11129:18)\n    at Promise._fulfill (https://telnyx.com/__cypress/runner/cypress_runner.js:11073:18)\n    at https://telnyx.com/__cypress/runner/cypress_runner.js:12687:46\nFrom Your Spec Code:\n    at Context.eval (https://telnyx.com/__cypress/tests?p=cypress\\e2e\\spec.cy.js:332:30)",
                "diff": null
              },
              "uuid": "491e3086-874d-4e44-b20c-3051fb9611c0",
              "parentUUID": "20df9545-5bd1-4734-b3e6-cf5628f38b90",
              "isHook": false,
              "skipped": false
            },
            {
              "title": "Check for availability of a support number for the Poland region.",
              "fullTitle": "Test for telnyx Check for availability of a support number for the Poland region.",
              "timedOut": null,
              "duration": 10690,
              "state": "failed",
              "speed": null,
              "pass": false,
              "fail": true,
              "pending": false,
              "context": null,
              "code": "mainPage.talkToExpertBtn().click();\ncontactUs.polandNumber().contains('+48 22 153 00 79');",
              "err": {
                "message": "CypressError: Timed out retrying after 4050ms: `cy.click()` failed because this element:\n\n`<div class=\"sc-9d98fd33-7 sc-9d98fd33-9 kpJVrZ ilKAnW\">...</div>`\n\nis being covered by another element:\n\n`<div class=\"sc-df34c536-3 dkdqrP\">...</div>`\n\nFix this problem, or use {force: true} to disable error checking.\n\nhttps://on.cypress.io/element-cannot-be-interacted-with",
                "estack": "CypressError: Timed out retrying after 4050ms: `cy.click()` failed because this element:\n\n`<div class=\"sc-9d98fd33-7 sc-9d98fd33-9 kpJVrZ ilKAnW\">...</div>`\n\nis being covered by another element:\n\n`<div class=\"sc-df34c536-3 dkdqrP\">...</div>`\n\nFix this problem, or use {force: true} to disable error checking.\n\nhttps://on.cypress.io/element-cannot-be-interacted-with\n    at $Cy.ensureDescendents (https://telnyx.com/__cypress/runner/cypress_runner.js:162005:78)\n    at ensureDescendents (https://telnyx.com/__cypress/runner/cypress_runner.js:147397:8)\n    at ensureDescendentsAndScroll (https://telnyx.com/__cypress/runner/cypress_runner.js:147404:14)\n    at ensureElIsNotCovered (https://telnyx.com/__cypress/runner/cypress_runner.js:147536:5)\n    at runAllChecks (https://telnyx.com/__cypress/runner/cypress_runner.js:147726:52)\n    at retryActionability (https://telnyx.com/__cypress/runner/cypress_runner.js:147750:16)\n    at tryCatcher (https://telnyx.com/__cypress/runner/cypress_runner.js:13012:23)\n    at Function.Promise.attempt.Promise.try (https://telnyx.com/__cypress/runner/cypress_runner.js:10286:29)\n    at whenStable (https://telnyx.com/__cypress/runner/cypress_runner.js:166931:65)\n    at https://telnyx.com/__cypress/runner/cypress_runner.js:166385:14\n    at tryCatcher (https://telnyx.com/__cypress/runner/cypress_runner.js:13012:23)\n    at Promise._settlePromiseFromHandler (https://telnyx.com/__cypress/runner/cypress_runner.js:10947:31)\n    at Promise._settlePromise (https://telnyx.com/__cypress/runner/cypress_runner.js:11004:18)\n    at Promise._settlePromise0 (https://telnyx.com/__cypress/runner/cypress_runner.js:11049:10)\n    at Promise._settlePromises (https://telnyx.com/__cypress/runner/cypress_runner.js:11129:18)\n    at Promise._fulfill (https://telnyx.com/__cypress/runner/cypress_runner.js:11073:18)\n    at https://telnyx.com/__cypress/runner/cypress_runner.js:12687:46\nFrom Your Spec Code:\n    at Context.eval (https://telnyx.com/__cypress/tests?p=cypress\\e2e\\spec.cy.js:339:32)",
                "diff": null
              },
              "uuid": "cf3f2bf3-c987-44f3-bf73-9df12391cffb",
              "parentUUID": "20df9545-5bd1-4734-b3e6-cf5628f38b90",
              "isHook": false,
              "skipped": false
            },
            {
              "title": "Checking that the reset password button is clickable.",
              "fullTitle": "Test for telnyx Checking that the reset password button is clickable.",
              "timedOut": null,
              "duration": 9608,
              "state": "failed",
              "speed": null,
              "pass": false,
              "fail": true,
              "pending": false,
              "context": null,
              "code": "mainPage.SignInBtn().click();\nsignInPage.forgotPassBtn().click();\nsignInPage.emFieldReset().type('test12345@gmail.com');\ncy.wait(2000);\nsignInPage.resetBtn().should('not.be.disabled');",
              "err": {
                "message": "CypressError: Timed out retrying after 4050ms: `cy.click()` failed because this element:\n\n`<a href=\"https://portal.telnyx.com/\" class=\"sc-f97529d6-0 bjUuRN Text-sc-5o8owa-0 sc-28d89a84-0 frufKM blLdCs mchNoDecorate\">Log In</a>`\n\nis being covered by another element:\n\n`<div class=\"sc-df34c536-3 dkdqrP\">...</div>`\n\nFix this problem, or use {force: true} to disable error checking.\n\nhttps://on.cypress.io/element-cannot-be-interacted-with",
                "estack": "CypressError: Timed out retrying after 4050ms: `cy.click()` failed because this element:\n\n`<a href=\"https://portal.telnyx.com/\" class=\"sc-f97529d6-0 bjUuRN Text-sc-5o8owa-0 sc-28d89a84-0 frufKM blLdCs mchNoDecorate\">Log In</a>`\n\nis being covered by another element:\n\n`<div class=\"sc-df34c536-3 dkdqrP\">...</div>`\n\nFix this problem, or use {force: true} to disable error checking.\n\nhttps://on.cypress.io/element-cannot-be-interacted-with\n    at $Cy.ensureDescendents (https://telnyx.com/__cypress/runner/cypress_runner.js:162005:78)\n    at ensureDescendents (https://telnyx.com/__cypress/runner/cypress_runner.js:147397:8)\n    at ensureDescendentsAndScroll (https://telnyx.com/__cypress/runner/cypress_runner.js:147404:14)\n    at ensureElIsNotCovered (https://telnyx.com/__cypress/runner/cypress_runner.js:147536:5)\n    at runAllChecks (https://telnyx.com/__cypress/runner/cypress_runner.js:147726:52)\n    at retryActionability (https://telnyx.com/__cypress/runner/cypress_runner.js:147750:16)\n    at tryCatcher (https://telnyx.com/__cypress/runner/cypress_runner.js:13012:23)\n    at Function.Promise.attempt.Promise.try (https://telnyx.com/__cypress/runner/cypress_runner.js:10286:29)\n    at whenStable (https://telnyx.com/__cypress/runner/cypress_runner.js:166931:65)\n    at https://telnyx.com/__cypress/runner/cypress_runner.js:166385:14\n    at tryCatcher (https://telnyx.com/__cypress/runner/cypress_runner.js:13012:23)\n    at Promise._settlePromiseFromHandler (https://telnyx.com/__cypress/runner/cypress_runner.js:10947:31)\n    at Promise._settlePromise (https://telnyx.com/__cypress/runner/cypress_runner.js:11004:18)\n    at Promise._settlePromise0 (https://telnyx.com/__cypress/runner/cypress_runner.js:11049:10)\n    at Promise._settlePromises (https://telnyx.com/__cypress/runner/cypress_runner.js:11129:18)\n    at Promise._fulfill (https://telnyx.com/__cypress/runner/cypress_runner.js:11073:18)\n    at https://telnyx.com/__cypress/runner/cypress_runner.js:12687:46\nFrom Your Spec Code:\n    at Context.eval (https://telnyx.com/__cypress/tests?p=cypress\\e2e\\spec.cy.js:343:26)",
                "diff": null
              },
              "uuid": "3e2f9fe6-158e-4f07-81b3-8c8916af19e8",
              "parentUUID": "20df9545-5bd1-4734-b3e6-cf5628f38b90",
              "isHook": false,
              "skipped": false
            },
            {
              "title": "Checking that characters are hidden when entering a password.",
              "fullTitle": "Test for telnyx Checking that characters are hidden when entering a password.",
              "timedOut": null,
              "duration": 9001,
              "state": "failed",
              "speed": null,
              "pass": false,
              "fail": true,
              "pending": false,
              "context": null,
              "code": "mainPage.tryForFreeBtn().click();\ncy.wait(2000);\nsignUpPage.passField().type('test1234');\nsignUpPage.passFieldHiden().screenshot();",
              "err": {
                "message": "CypressError: Timed out retrying after 4050ms: `cy.click()` failed because this element:\n\n`<button type=\"submit\" class=\"sc-5d3a275a-1 sc-5d3a275a-3 sc-5d3a275a-4 sc-5d3a275a-12 cSsJix UYAGn eUnEoi bTZeHd\">...</button>`\n\nis being covered by another element:\n\n`<div class=\"sc-df34c536-3 dkdqrP\">...</div>`\n\nFix this problem, or use {force: true} to disable error checking.\n\nhttps://on.cypress.io/element-cannot-be-interacted-with",
                "estack": "CypressError: Timed out retrying after 4050ms: `cy.click()` failed because this element:\n\n`<button type=\"submit\" class=\"sc-5d3a275a-1 sc-5d3a275a-3 sc-5d3a275a-4 sc-5d3a275a-12 cSsJix UYAGn eUnEoi bTZeHd\">...</button>`\n\nis being covered by another element:\n\n`<div class=\"sc-df34c536-3 dkdqrP\">...</div>`\n\nFix this problem, or use {force: true} to disable error checking.\n\nhttps://on.cypress.io/element-cannot-be-interacted-with\n    at $Cy.ensureDescendents (https://telnyx.com/__cypress/runner/cypress_runner.js:162005:78)\n    at ensureDescendents (https://telnyx.com/__cypress/runner/cypress_runner.js:147397:8)\n    at ensureDescendentsAndScroll (https://telnyx.com/__cypress/runner/cypress_runner.js:147404:14)\n    at ensureElIsNotCovered (https://telnyx.com/__cypress/runner/cypress_runner.js:147536:5)\n    at runAllChecks (https://telnyx.com/__cypress/runner/cypress_runner.js:147726:52)\n    at retryActionability (https://telnyx.com/__cypress/runner/cypress_runner.js:147750:16)\n    at tryCatcher (https://telnyx.com/__cypress/runner/cypress_runner.js:13012:23)\n    at Function.Promise.attempt.Promise.try (https://telnyx.com/__cypress/runner/cypress_runner.js:10286:29)\n    at whenStable (https://telnyx.com/__cypress/runner/cypress_runner.js:166931:65)\n    at https://telnyx.com/__cypress/runner/cypress_runner.js:166385:14\n    at tryCatcher (https://telnyx.com/__cypress/runner/cypress_runner.js:13012:23)\n    at Promise._settlePromiseFromHandler (https://telnyx.com/__cypress/runner/cypress_runner.js:10947:31)\n    at Promise._settlePromise (https://telnyx.com/__cypress/runner/cypress_runner.js:11004:18)\n    at Promise._settlePromise0 (https://telnyx.com/__cypress/runner/cypress_runner.js:11049:10)\n    at Promise._settlePromises (https://telnyx.com/__cypress/runner/cypress_runner.js:11129:18)\n    at Promise._fulfill (https://telnyx.com/__cypress/runner/cypress_runner.js:11073:18)\n    at https://telnyx.com/__cypress/runner/cypress_runner.js:12687:46\nFrom Your Spec Code:\n    at Context.eval (https://telnyx.com/__cypress/tests?p=cypress\\e2e\\spec.cy.js:350:30)",
                "diff": null
              },
              "uuid": "b967dbd4-eac3-4f66-8cec-68a5520d0997",
              "parentUUID": "20df9545-5bd1-4734-b3e6-cf5628f38b90",
              "isHook": false,
              "skipped": false
            },
            {
              "title": "checking that the footer contains the text \"© Telnyx LLC, 2022. All rights reserved.\".",
              "fullTitle": "Test for telnyx checking that the footer contains the text \"© Telnyx LLC, 2022. All rights reserved.\".",
              "timedOut": null,
              "duration": 10909,
              "state": "failed",
              "speed": null,
              "pass": false,
              "fail": true,
              "pending": false,
              "context": null,
              "code": "mainPage.SignInBtn().click();\nsignInPage.footerText().contains('© Telnyx LLC, 2022. All rights reserved.');",
              "err": {
                "message": "CypressError: Timed out retrying after 4050ms: `cy.click()` failed because this element:\n\n`<a href=\"https://portal.telnyx.com/\" class=\"sc-f97529d6-0 bjUuRN Text-sc-5o8owa-0 sc-28d89a84-0 frufKM blLdCs mchNoDecorate\">Log In</a>`\n\nis being covered by another element:\n\n`<div class=\"sc-df34c536-3 dkdqrP\">...</div>`\n\nFix this problem, or use {force: true} to disable error checking.\n\nhttps://on.cypress.io/element-cannot-be-interacted-with",
                "estack": "CypressError: Timed out retrying after 4050ms: `cy.click()` failed because this element:\n\n`<a href=\"https://portal.telnyx.com/\" class=\"sc-f97529d6-0 bjUuRN Text-sc-5o8owa-0 sc-28d89a84-0 frufKM blLdCs mchNoDecorate\">Log In</a>`\n\nis being covered by another element:\n\n`<div class=\"sc-df34c536-3 dkdqrP\">...</div>`\n\nFix this problem, or use {force: true} to disable error checking.\n\nhttps://on.cypress.io/element-cannot-be-interacted-with\n    at $Cy.ensureDescendents (https://telnyx.com/__cypress/runner/cypress_runner.js:162005:78)\n    at ensureDescendents (https://telnyx.com/__cypress/runner/cypress_runner.js:147397:8)\n    at ensureDescendentsAndScroll (https://telnyx.com/__cypress/runner/cypress_runner.js:147404:14)\n    at ensureElIsNotCovered (https://telnyx.com/__cypress/runner/cypress_runner.js:147536:5)\n    at runAllChecks (https://telnyx.com/__cypress/runner/cypress_runner.js:147726:52)\n    at retryActionability (https://telnyx.com/__cypress/runner/cypress_runner.js:147750:16)\n    at tryCatcher (https://telnyx.com/__cypress/runner/cypress_runner.js:13012:23)\n    at Function.Promise.attempt.Promise.try (https://telnyx.com/__cypress/runner/cypress_runner.js:10286:29)\n    at whenStable (https://telnyx.com/__cypress/runner/cypress_runner.js:166931:65)\n    at https://telnyx.com/__cypress/runner/cypress_runner.js:166385:14\n    at tryCatcher (https://telnyx.com/__cypress/runner/cypress_runner.js:13012:23)\n    at Promise._settlePromiseFromHandler (https://telnyx.com/__cypress/runner/cypress_runner.js:10947:31)\n    at Promise._settlePromise (https://telnyx.com/__cypress/runner/cypress_runner.js:11004:18)\n    at Promise._settlePromise0 (https://telnyx.com/__cypress/runner/cypress_runner.js:11049:10)\n    at Promise._settlePromises (https://telnyx.com/__cypress/runner/cypress_runner.js:11129:18)\n    at Promise._fulfill (https://telnyx.com/__cypress/runner/cypress_runner.js:11073:18)\n    at https://telnyx.com/__cypress/runner/cypress_runner.js:12687:46\nFrom Your Spec Code:\n    at Context.eval (https://telnyx.com/__cypress/tests?p=cypress\\e2e\\spec.cy.js:356:26)",
                "diff": null
              },
              "uuid": "9ff83e57-652e-4b43-b765-2050c113f8d2",
              "parentUUID": "20df9545-5bd1-4734-b3e6-cf5628f38b90",
              "isHook": false,
              "skipped": false
            }
          ],
          "suites": [],
          "passes": [],
          "failures": [
            "491e3086-874d-4e44-b20c-3051fb9611c0",
            "cf3f2bf3-c987-44f3-bf73-9df12391cffb",
            "3e2f9fe6-158e-4f07-81b3-8c8916af19e8",
            "b967dbd4-eac3-4f66-8cec-68a5520d0997",
            "9ff83e57-652e-4b43-b765-2050c113f8d2"
          ],
          "pending": [],
          "skipped": [],
          "duration": 50874,
          "root": false,
          "rootEmpty": false,
          "_timeout": 2000
        }
      ],
      "passes": [],
      "failures": [],
      "pending": [],
      "skipped": [],
      "duration": 0,
      "root": true,
      "rootEmpty": true,
      "_timeout": 2000
    }
  ],
  "meta": {
    "mocha": {
      "version": "7.0.1"
    },
    "mochawesome": {
      "options": {
        "quiet": false,
        "reportFilename": "mochawesome",
        "saveHtml": true,
        "saveJson": true,
        "consoleReporter": "spec",
        "useInlineDiffs": false,
        "code": true
      },
      "version": "7.1.3"
    },
    "marge": {
      "options": {
        "reportDir": "cypress/results",
        "overwrite": false,
        "html": true,
        "json": true
      },
      "version": "6.2.0"
    }
  }
}